<?xml version="1.0" encoding="UTF-8"?>
<!-- Generated by org.testng.reporters.JUnitXMLReporter -->
<testsuite ignored="0" hostname="Radhakrishna" failures="0" tests="1" name="Test-Runner-2" time="7.283" errors="0" timestamp="2025-05-05T07:55:20 EDT">
  <testcase classname="inventoryTests.AddLowestPriceProduct" name="tc_02_AddLowestpriceProductToCartTest" time="1.54"/>
</testsuite> <!-- Test-Runner-2 -->
