<?xml version="1.0" encoding="UTF-8"?>
<!-- Generated by org.testng.reporters.JUnitXMLReporter -->
<testsuite ignored="0" hostname="Radhakrishna" failures="0" tests="2" name="Test-Runner-1" time="6.709" errors="0" timestamp="2025-05-05T07:55:20 EDT">
  <testcase classname="inventoryTests.AddProductToCartTest" name="sampleTest" time="0.007"/>
  <testcase classname="inventoryTests.AddProductToCartTest" name="tc_01_AddProductToCartTest" time="0.708"/>
</testsuite> <!-- Test-Runner-1 -->
