<?xml version="1.0" encoding="UTF-8"?>
<!-- Generated by org.testng.reporters.JUnitReportReporter -->
<testsuite hostname="Radhakrishna" failures="0" tests="1" name="inventoryTests.AddProductToCartTest" time="2.611" errors="0" timestamp="2025-05-21T08:31:00 EDT" skipped="0">
  <testcase classname="inventoryTests.AddProductToCartTest" name="tc_01_AddProductToCartTest" time="2.611"/>
</testsuite> <!-- inventoryTests.AddProductToCartTest -->
