<?xml version="1.0" encoding="UTF-8"?>
<!-- Generated by org.testng.reporters.JUnitReportReporter -->
<testsuite hostname="Radhakrishna" failures="0" tests="3" name="practice.TestNGPractice" time="0.012" errors="0" timestamp="2025-04-28T08:17:43 EDT" skipped="0">
  <testcase classname="practice.TestNGPractice" name="createSample" time="0.000"/>
  <testcase classname="practice.TestNGPractice" name="createSample" time="0.011"/>
  <testcase classname="practice.TestNGPractice" name="createSample" time="0.001"/>
</testsuite> <!-- practice.TestNGPractice -->
