<?xml version="1.0" encoding="UTF-8"?>
<!-- Generated by org.testng.reporters.JUnitReportReporter -->
<testsuite hostname="Radhakrishna" failures="0" tests="1" name="inventoryTests.AddLowestPriceProduct" time="2.320" errors="0" timestamp="2025-05-08T08:03:17 EDT" skipped="0">
  <testcase classname="inventoryTests.AddLowestPriceProduct" name="tc_02_AddLowestpriceProductToCartTest" time="2.320"/>
</testsuite> <!-- inventoryTests.AddLowestPriceProduct -->
